c:\users\angel\source\repos\rockthestick\x64\debug\vc143.pdb
c:\users\angel\source\repos\rockthestick\x64\debug\vc143.idb
c:\users\angel\source\repos\rockthestick\x64\debug\glad.obj
c:\users\angel\source\repos\rockthestick\x64\debug\main.obj
c:\users\angel\source\repos\rockthestick\x64\debug\rockthestick.res
c:\users\angel\source\repos\rockthestick\x64\debug\rockthestick.pdb
c:\users\angel\source\repos\rockthestick\x64\debug\rockthestick.tlog\cl.command.1.tlog
c:\users\angel\source\repos\rockthestick\x64\debug\rockthestick.tlog\cl.read.1.tlog
c:\users\angel\source\repos\rockthestick\x64\debug\rockthestick.tlog\cl.write.1.tlog
c:\users\angel\source\repos\rockthestick\x64\debug\rockthestick.tlog\link-cvtres.read.1.tlog
c:\users\angel\source\repos\rockthestick\x64\debug\rockthestick.tlog\link-cvtres.write.1.tlog
c:\users\angel\source\repos\rockthestick\x64\debug\rockthestick.tlog\link-rc.read.1.tlog
c:\users\angel\source\repos\rockthestick\x64\debug\rockthestick.tlog\link-rc.write.1.tlog
c:\users\angel\source\repos\rockthestick\x64\debug\rockthestick.tlog\link.command.1.tlog
c:\users\angel\source\repos\rockthestick\x64\debug\rockthestick.tlog\link.read.1.tlog
c:\users\angel\source\repos\rockthestick\x64\debug\rockthestick.tlog\link.read.2.tlog
c:\users\angel\source\repos\rockthestick\x64\debug\rockthestick.tlog\link.write.1.tlog
c:\users\angel\source\repos\rockthestick\x64\debug\rockthestick.tlog\rc.command.1.tlog
c:\users\angel\source\repos\rockthestick\x64\debug\rockthestick.tlog\rc.read.1.tlog
c:\users\angel\source\repos\rockthestick\x64\debug\rockthestick.tlog\rc.write.1.tlog
